<?xml version="1.0" encoding="UTF-8"?>
<testsuite name="TransactionManager.TransactionManagerTest" tests="1" skipped="0" failures="0" errors="0" timestamp="2017-11-12T19:42:05" hostname="Nicks-MacBook-Pro.local" time="0.0">
  <properties/>
  <testcase name="startTransaction" classname="TransactionManager.TransactionManagerTest" time="0.0"/>
  <system-out><![CDATA[]]></system-out>
  <system-err><![CDATA[]]></system-err>
</testsuite>
