<?xml version="1.0" encoding="UTF-8"?>
<testsuite name="LockManager.LockManagerTest" tests="1" skipped="0" failures="0" errors="0" timestamp="2017-11-12T19:42:05" hostname="Nicks-MacBook-Pro.local" time="0.005">
  <properties/>
  <testcase name="failLockConversionRtoW" classname="LockManager.LockManagerTest" time="0.005"/>
  <system-out><![CDATA[Want WRITE, someone has READ or WRITE
]]></system-out>
  <system-err><![CDATA[]]></system-err>
</testsuite>
